<?xml version="1.0" encoding="UTF-8"?>
<!-- Generated by org.testng.reporters.JUnitReportReporter -->
<testsuite hostname="DESKTOP-EHKK8G6" failures="0" tests="3" name="swaglabs.lastTest_swag" time="23.234" errors="0" timestamp="2024-03-06T02:03:14 EET" skipped="0">
  <testcase classname="swaglabs.lastTest_swag" name="addTwoTest" time="7.701"/>
  <system-out/>
  <testcase classname="swaglabs.lastTest_swag" name="addThreeTest" time="7.873"/>
  <system-out/>
  <testcase classname="swaglabs.lastTest_swag" name="addrandomItem" time="7.660"/>
  <system-out/>
</testsuite> <!-- swaglabs.lastTest_swag -->
